<?xml version="1.0" encoding="UTF-8"?>
<!-- Generated by org.testng.reporters.JUnitXMLReporter -->
<testsuite ignored="0" hostname="DELL" failures="0" tests="3" name="Default test" time="10.593" errors="0" timestamp="2024-01-30T19:25:39 EET">
  <testcase classname="tests.MyAccountTest" name="UserCanRegisterSuccessfully" time="4.186"/>
  <testcase classname="tests.MyAccountTest" name="RegisterUserCanLogin" time="2.682"/>
  <testcase classname="tests.MyAccountTest" name="registerUserCanChangeAccountPassword" time="3.483"/>
</testsuite> <!-- Default test -->
