<?xml version="1.0" encoding="UTF-8"?>
<!-- Generated by org.testng.reporters.JUnitXMLReporter -->
<testsuite ignored="0" hostname="DELL" failures="0" tests="6" name="Default test" time="64.571" errors="0" timestamp="2024-03-22T13:13:18 EET">
  <testcase classname="tests.RegisterUserCheckOutProductTest" name="UserCanRegisterSuccessfully" time="5.433"/>
  <testcase classname="tests.RegisterUserCheckOutProductTest" name="RegisterUserCanLogin" time="3.123"/>
  <testcase classname="tests.RegisterUserCheckOutProductTest" name="registerUserCanSearchForProduct" time="3.736"/>
  <testcase classname="tests.RegisterUserCheckOutProductTest" name="registerUserCanAddProductToCart" time="9.914"/>
  <testcase classname="tests.RegisterUserCheckOutProductTest" name="registerUserCanCheckoutProduct" time="30.838"/>
  <testcase classname="tests.RegisterUserCheckOutProductTest" name="RegisterUserCanDownloadInvoice" time="11.26"/>
</testsuite> <!-- Default test -->
