<?xml version="1.0" encoding="UTF-8"?>
<testng-results ignored="0" total="5" passed="5" failed="0" skipped="0">
  <reporter-output>
  </reporter-output>
  <suite started-at="2024-02-10T13:10:01 EET" name="Default suite" finished-at="2024-02-10T13:10:16 EET" duration-ms="15404">
    <groups>
    </groups>
    <test started-at="2024-02-10T13:10:01 EET" name="Default test" finished-at="2024-02-10T13:10:16 EET" duration-ms="15404">
      <class name="tests.AddProductReviewTest">
        <test-method is-config="true" signature="startDriver(java.lang.String)[pri:0, instance:tests.AddProductReviewTest@1a942c18]" started-at="2024-02-10T13:09:51 EET" name="startDriver" finished-at="2024-02-10T13:10:01 EET" duration-ms="10073" status="PASS">
          <params>
            <param index="0">
              <value>
                <![CDATA[chrome]]>
              </value>
            </param>
          </params>
          <reporter-output>
          </reporter-output>
        </test-method> <!-- startDriver -->
        <test-method signature="UserCanRegisterSuccessfully()[pri:0, instance:tests.AddProductReviewTest@1a942c18]" started-at="2024-02-10T13:10:01 EET" name="UserCanRegisterSuccessfully" finished-at="2024-02-10T13:10:06 EET" duration-ms="5320" status="PASS">
          <reporter-output>
          </reporter-output>
        </test-method> <!-- UserCanRegisterSuccessfully -->
        <test-method is-config="true" signature="takeScreenShot(org.testng.ITestResult)[pri:0, instance:tests.AddProductReviewTest@1a942c18]" started-at="2024-02-10T13:10:06 EET" name="takeScreenShot" finished-at="2024-02-10T13:10:06 EET" duration-ms="4" status="PASS">
          <params>
            <param index="0">
              <value>
                <![CDATA[[TestResult name=UserCanRegisterSuccessfully status=SUCCESS method=AddProductReviewTest.UserCanRegisterSuccessfully()[pri:0, instance:tests.AddProductReviewTest@1a942c18] output={null}]]]>
              </value>
            </param>
          </params>
          <reporter-output>
          </reporter-output>
        </test-method> <!-- takeScreenShot -->
        <test-method signature="RegisterUserCanLogin()[pri:0, instance:tests.AddProductReviewTest@1a942c18]" started-at="2024-02-10T13:10:06 EET" name="RegisterUserCanLogin" finished-at="2024-02-10T13:10:10 EET" depends-on-methods="tests.AddProductReviewTest.UserCanRegisterSuccessfully" duration-ms="3622" status="PASS">
          <reporter-output>
          </reporter-output>
        </test-method> <!-- RegisterUserCanLogin -->
        <test-method is-config="true" signature="takeScreenShot(org.testng.ITestResult)[pri:0, instance:tests.AddProductReviewTest@1a942c18]" started-at="2024-02-10T13:10:10 EET" name="takeScreenShot" finished-at="2024-02-10T13:10:10 EET" duration-ms="2" status="PASS">
          <params>
            <param index="0">
              <value>
                <![CDATA[[TestResult name=RegisterUserCanLogin status=SUCCESS method=AddProductReviewTest.RegisterUserCanLogin()[pri:0, instance:tests.AddProductReviewTest@1a942c18] output={null}]]]>
              </value>
            </param>
          </params>
          <reporter-output>
          </reporter-output>
        </test-method> <!-- takeScreenShot -->
        <test-method signature="userCanSearchForProduct()[pri:0, instance:tests.AddProductReviewTest@1a942c18]" started-at="2024-02-10T13:10:10 EET" name="userCanSearchForProduct" finished-at="2024-02-10T13:10:12 EET" depends-on-methods="tests.AddProductReviewTest.RegisterUserCanLogin" duration-ms="2557" status="PASS">
          <reporter-output>
          </reporter-output>
        </test-method> <!-- userCanSearchForProduct -->
        <test-method is-config="true" signature="takeScreenShot(org.testng.ITestResult)[pri:0, instance:tests.AddProductReviewTest@1a942c18]" started-at="2024-02-10T13:10:12 EET" name="takeScreenShot" finished-at="2024-02-10T13:10:12 EET" duration-ms="1" status="PASS">
          <params>
            <param index="0">
              <value>
                <![CDATA[[TestResult name=userCanSearchForProduct status=SUCCESS method=AddProductReviewTest.userCanSearchForProduct()[pri:0, instance:tests.AddProductReviewTest@1a942c18] output={null}]]]>
              </value>
            </param>
          </params>
          <reporter-output>
          </reporter-output>
        </test-method> <!-- takeScreenShot -->
        <test-method signature="loginUserCanAddProductReview()[pri:0, instance:tests.AddProductReviewTest@1a942c18]" started-at="2024-02-10T13:10:12 EET" name="loginUserCanAddProductReview" finished-at="2024-02-10T13:10:15 EET" depends-on-methods="tests.AddProductReviewTest.userCanSearchForProduct" duration-ms="2611" status="PASS">
          <reporter-output>
          </reporter-output>
        </test-method> <!-- loginUserCanAddProductReview -->
        <test-method is-config="true" signature="takeScreenShot(org.testng.ITestResult)[pri:0, instance:tests.AddProductReviewTest@1a942c18]" started-at="2024-02-10T13:10:15 EET" name="takeScreenShot" finished-at="2024-02-10T13:10:15 EET" duration-ms="1" status="PASS">
          <params>
            <param index="0">
              <value>
                <![CDATA[[TestResult name=loginUserCanAddProductReview status=SUCCESS method=AddProductReviewTest.loginUserCanAddProductReview()[pri:0, instance:tests.AddProductReviewTest@1a942c18] output={null}]]]>
              </value>
            </param>
          </params>
          <reporter-output>
          </reporter-output>
        </test-method> <!-- takeScreenShot -->
        <test-method signature="RegisterUserCanLogout()[pri:0, instance:tests.AddProductReviewTest@1a942c18]" started-at="2024-02-10T13:10:15 EET" name="RegisterUserCanLogout" finished-at="2024-02-10T13:10:16 EET" depends-on-methods="tests.AddProductReviewTest.loginUserCanAddProductReview" duration-ms="1113" status="PASS">
          <reporter-output>
          </reporter-output>
        </test-method> <!-- RegisterUserCanLogout -->
        <test-method is-config="true" signature="takeScreenShot(org.testng.ITestResult)[pri:0, instance:tests.AddProductReviewTest@1a942c18]" started-at="2024-02-10T13:10:16 EET" name="takeScreenShot" finished-at="2024-02-10T13:10:16 EET" duration-ms="1" status="PASS">
          <params>
            <param index="0">
              <value>
                <![CDATA[[TestResult name=RegisterUserCanLogout status=SUCCESS method=AddProductReviewTest.RegisterUserCanLogout()[pri:0, instance:tests.AddProductReviewTest@1a942c18] output={null}]]]>
              </value>
            </param>
          </params>
          <reporter-output>
          </reporter-output>
        </test-method> <!-- takeScreenShot -->
        <test-method is-config="true" signature="stopDriver()[pri:0, instance:tests.AddProductReviewTest@1a942c18]" started-at="2024-02-10T13:10:16 EET" name="stopDriver" finished-at="2024-02-10T13:10:17 EET" duration-ms="1097" status="PASS">
          <reporter-output>
          </reporter-output>
        </test-method> <!-- stopDriver -->
      </class> <!-- tests.AddProductReviewTest -->
    </test> <!-- Default test -->
  </suite> <!-- Default suite -->
</testng-results>
